[2021-06-05 23:10:42,276] INFO [Controller id=1 epoch=1] Sending UpdateMetadata request to brokers HashSet(1) for 0 partitions (state.change.logger)
[2021-06-05 23:10:45,529] INFO [Controller id=1 epoch=1] Sending UpdateMetadata request to brokers HashSet(1) for 0 partitions (state.change.logger)
[2021-06-05 23:10:45,530] INFO [Controller id=1 epoch=1] Sending UpdateMetadata request to brokers HashSet(2) for 0 partitions (state.change.logger)
[2021-06-05 23:14:55,495] INFO [Controller id=1 epoch=1] Changed partition quickstart-events-0 state from NonExistentPartition to NewPartition with assigned replicas 1 (state.change.logger)
[2021-06-05 23:14:55,595] INFO [Controller id=1 epoch=1] Sending UpdateMetadata request to brokers HashSet() for 0 partitions (state.change.logger)
[2021-06-05 23:14:55,605] INFO [Controller id=1 epoch=1] Sending UpdateMetadata request to brokers HashSet() for 0 partitions (state.change.logger)
[2021-06-05 23:14:56,097] INFO [Controller id=1 epoch=1] Changed partition quickstart-events-0 from NewPartition to OnlinePartition with state LeaderAndIsr(leader=1, leaderEpoch=0, isr=List(1), zkVersion=0) (state.change.logger)
[2021-06-05 23:14:56,104] INFO [Controller id=1 epoch=1] Sending LeaderAndIsr request to broker 1 with 1 become-leader and 0 become-follower partitions (state.change.logger)
[2021-06-05 23:14:56,111] INFO [Controller id=1 epoch=1] Sending UpdateMetadata request to brokers HashSet(1, 2) for 1 partitions (state.change.logger)
[2021-06-05 23:14:56,117] INFO [Broker id=1] Handling LeaderAndIsr request correlationId 2 from controller 1 for 1 partitions (state.change.logger)
[2021-06-05 23:14:56,119] INFO [Controller id=1 epoch=1] Sending UpdateMetadata request to brokers HashSet() for 0 partitions (state.change.logger)
[2021-06-05 23:14:56,136] INFO [Broker id=2] Add 1 partitions and deleted 0 partitions from metadata cache in response to UpdateMetadata request sent by controller 1 epoch 1 with correlation id 1 (state.change.logger)
[2021-06-05 23:14:56,356] INFO [Broker id=1] Stopped fetchers as part of LeaderAndIsr request correlationId 2 from controller 1 epoch 1 as part of the become-leader transition for 1 partitions (state.change.logger)
[2021-06-05 23:14:57,571] INFO [Broker id=1] Leader quickstart-events-0 starts at leader epoch 0 from offset 0 with high watermark 0 ISR [1] addingReplicas [] removingReplicas []. Previous leader epoch was -1. (state.change.logger)
[2021-06-05 23:14:57,980] INFO [Broker id=1] Add 1 partitions and deleted 0 partitions from metadata cache in response to UpdateMetadata request sent by controller 1 epoch 1 with correlation id 3 (state.change.logger)
[2021-06-05 23:15:37,213] INFO [Controller id=1 epoch=1] Changed partition __consumer_offsets-22 state from NonExistentPartition to NewPartition with assigned replicas 1 (state.change.logger)
[2021-06-05 23:15:37,213] INFO [Controller id=1 epoch=1] Changed partition __consumer_offsets-30 state from NonExistentPartition to NewPartition with assigned replicas 1 (state.change.logger)
[2021-06-05 23:15:37,213] INFO [Controller id=1 epoch=1] Changed partition __consumer_offsets-25 state from NonExistentPartition to NewPartition with assigned replicas 2 (state.change.logger)
[2021-06-05 23:15:37,213] INFO [Controller id=1 epoch=1] Changed partition __consumer_offsets-35 state from NonExistentPartition to NewPartition with assigned replicas 2 (state.change.logger)
[2021-06-05 23:15:37,213] INFO [Controller id=1 epoch=1] Changed partition __consumer_offsets-37 state from NonExistentPartition to NewPartition with assigned replicas 2 (state.change.logger)
[2021-06-05 23:15:37,213] INFO [Controller id=1 epoch=1] Changed partition __consumer_offsets-38 state from NonExistentPartition to NewPartition with assigned replicas 1 (state.change.logger)
[2021-06-05 23:15:37,214] INFO [Controller id=1 epoch=1] Changed partition __consumer_offsets-13 state from NonExistentPartition to NewPartition with assigned replicas 2 (state.change.logger)
[2021-06-05 23:15:37,214] INFO [Controller id=1 epoch=1] Changed partition __consumer_offsets-8 state from NonExistentPartition to NewPartition with assigned replicas 1 (state.change.logger)
[2021-06-05 23:15:37,214] INFO [Controller id=1 epoch=1] Changed partition __consumer_offsets-21 state from NonExistentPartition to NewPartition with assigned replicas 2 (state.change.logger)
[2021-06-05 23:15:37,214] INFO [Controller id=1 epoch=1] Changed partition __consumer_offsets-4 state from NonExistentPartition to NewPartition with assigned replicas 1 (state.change.logger)
[2021-06-05 23:15:37,214] INFO [Controller id=1 epoch=1] Changed partition __consumer_offsets-27 state from NonExistentPartition to NewPartition with assigned replicas 2 (state.change.logger)
[2021-06-05 23:15:37,214] INFO [Controller id=1 epoch=1] Changed partition __consumer_offsets-7 state from NonExistentPartition to NewPartition with assigned replicas 2 (state.change.logger)
[2021-06-05 23:15:37,214] INFO [Controller id=1 epoch=1] Changed partition __consumer_offsets-9 state from NonExistentPartition to NewPartition with assigned replicas 2 (state.change.logger)
[2021-06-05 23:15:37,214] INFO [Controller id=1 epoch=1] Changed partition __consumer_offsets-46 state from NonExistentPartition to NewPartition with assigned replicas 1 (state.change.logger)
[2021-06-05 23:15:37,214] INFO [Controller id=1 epoch=1] Changed partition __consumer_offsets-41 state from NonExistentPartition to NewPartition with assigned replicas 2 (state.change.logger)
[2021-06-05 23:15:37,214] INFO [Controller id=1 epoch=1] Changed partition __consumer_offsets-33 state from NonExistentPartition to NewPartition with assigned replicas 2 (state.change.logger)
[2021-06-05 23:15:37,214] INFO [Controller id=1 epoch=1] Changed partition __consumer_offsets-23 state from NonExistentPartition to NewPartition with assigned replicas 2 (state.change.logger)
[2021-06-05 23:15:37,215] INFO [Controller id=1 epoch=1] Changed partition __consumer_offsets-49 state from NonExistentPartition to NewPartition with assigned replicas 2 (state.change.logger)
[2021-06-05 23:15:37,215] INFO [Controller id=1 epoch=1] Changed partition __consumer_offsets-47 state from NonExistentPartition to NewPartition with assigned replicas 2 (state.change.logger)
[2021-06-05 23:15:37,215] INFO [Controller id=1 epoch=1] Changed partition __consumer_offsets-16 state from NonExistentPartition to NewPartition with assigned replicas 1 (state.change.logger)
[2021-06-05 23:15:37,215] INFO [Controller id=1 epoch=1] Changed partition __consumer_offsets-28 state from NonExistentPartition to NewPartition with assigned replicas 1 (state.change.logger)
[2021-06-05 23:15:37,215] INFO [Controller id=1 epoch=1] Changed partition __consumer_offsets-31 state from NonExistentPartition to NewPartition with assigned replicas 2 (state.change.logger)
[2021-06-05 23:15:37,215] INFO [Controller id=1 epoch=1] Changed partition __consumer_offsets-36 state from NonExistentPartition to NewPartition with assigned replicas 1 (state.change.logger)
[2021-06-05 23:15:37,215] INFO [Controller id=1 epoch=1] Changed partition __consumer_offsets-42 state from NonExistentPartition to NewPartition with assigned replicas 1 (state.change.logger)
[2021-06-05 23:15:37,215] INFO [Controller id=1 epoch=1] Changed partition __consumer_offsets-3 state from NonExistentPartition to NewPartition with assigned replicas 2 (state.change.logger)
[2021-06-05 23:15:37,215] INFO [Controller id=1 epoch=1] Changed partition __consumer_offsets-18 state from NonExistentPartition to NewPartition with assigned replicas 1 (state.change.logger)
[2021-06-05 23:15:37,215] INFO [Controller id=1 epoch=1] Changed partition __consumer_offsets-15 state from NonExistentPartition to NewPartition with assigned replicas 2 (state.change.logger)
[2021-06-05 23:15:37,215] INFO [Controller id=1 epoch=1] Changed partition __consumer_offsets-24 state from NonExistentPartition to NewPartition with assigned replicas 1 (state.change.logger)
[2021-06-05 23:15:37,215] INFO [Controller id=1 epoch=1] Changed partition __consumer_offsets-17 state from NonExistentPartition to NewPartition with assigned replicas 2 (state.change.logger)
[2021-06-05 23:15:37,215] INFO [Controller id=1 epoch=1] Changed partition __consumer_offsets-48 state from NonExistentPartition to NewPartition with assigned replicas 1 (state.change.logger)
[2021-06-05 23:15:37,215] INFO [Controller id=1 epoch=1] Changed partition __consumer_offsets-19 state from NonExistentPartition to NewPartition with assigned replicas 2 (state.change.logger)
[2021-06-05 23:15:37,216] INFO [Controller id=1 epoch=1] Changed partition __consumer_offsets-11 state from NonExistentPartition to NewPartition with assigned replicas 2 (state.change.logger)
[2021-06-05 23:15:37,216] INFO [Controller id=1 epoch=1] Changed partition __consumer_offsets-2 state from NonExistentPartition to NewPartition with assigned replicas 1 (state.change.logger)
[2021-06-05 23:15:37,216] INFO [Controller id=1 epoch=1] Changed partition __consumer_offsets-43 state from NonExistentPartition to NewPartition with assigned replicas 2 (state.change.logger)
[2021-06-05 23:15:37,216] INFO [Controller id=1 epoch=1] Changed partition __consumer_offsets-6 state from NonExistentPartition to NewPartition with assigned replicas 1 (state.change.logger)
[2021-06-05 23:15:37,216] INFO [Controller id=1 epoch=1] Changed partition __consumer_offsets-14 state from NonExistentPartition to NewPartition with assigned replicas 1 (state.change.logger)
[2021-06-05 23:15:37,216] INFO [Controller id=1 epoch=1] Changed partition __consumer_offsets-20 state from NonExistentPartition to NewPartition with assigned replicas 1 (state.change.logger)
[2021-06-05 23:15:37,216] INFO [Controller id=1 epoch=1] Changed partition __consumer_offsets-0 state from NonExistentPartition to NewPartition with assigned replicas 1 (state.change.logger)
[2021-06-05 23:15:37,216] INFO [Controller id=1 epoch=1] Changed partition __consumer_offsets-44 state from NonExistentPartition to NewPartition with assigned replicas 1 (state.change.logger)
[2021-06-05 23:15:37,216] INFO [Controller id=1 epoch=1] Changed partition __consumer_offsets-39 state from NonExistentPartition to NewPartition with assigned replicas 2 (state.change.logger)
[2021-06-05 23:15:37,216] INFO [Controller id=1 epoch=1] Changed partition __consumer_offsets-12 state from NonExistentPartition to NewPartition with assigned replicas 1 (state.change.logger)
[2021-06-05 23:15:37,216] INFO [Controller id=1 epoch=1] Changed partition __consumer_offsets-45 state from NonExistentPartition to NewPartition with assigned replicas 2 (state.change.logger)
[2021-06-05 23:15:37,216] INFO [Controller id=1 epoch=1] Changed partition __consumer_offsets-1 state from NonExistentPartition to NewPartition with assigned replicas 2 (state.change.logger)
[2021-06-05 23:15:37,216] INFO [Controller id=1 epoch=1] Changed partition __consumer_offsets-5 state from NonExistentPartition to NewPartition with assigned replicas 2 (state.change.logger)
[2021-06-05 23:15:37,216] INFO [Controller id=1 epoch=1] Changed partition __consumer_offsets-26 state from NonExistentPartition to NewPartition with assigned replicas 1 (state.change.logger)
[2021-06-05 23:15:37,216] INFO [Controller id=1 epoch=1] Changed partition __consumer_offsets-29 state from NonExistentPartition to NewPartition with assigned replicas 2 (state.change.logger)
[2021-06-05 23:15:37,216] INFO [Controller id=1 epoch=1] Changed partition __consumer_offsets-34 state from NonExistentPartition to NewPartition with assigned replicas 1 (state.change.logger)
[2021-06-05 23:15:37,216] INFO [Controller id=1 epoch=1] Changed partition __consumer_offsets-10 state from NonExistentPartition to NewPartition with assigned replicas 1 (state.change.logger)
[2021-06-05 23:15:37,216] INFO [Controller id=1 epoch=1] Changed partition __consumer_offsets-32 state from NonExistentPartition to NewPartition with assigned replicas 1 (state.change.logger)
[2021-06-05 23:15:37,217] INFO [Controller id=1 epoch=1] Changed partition __consumer_offsets-40 state from NonExistentPartition to NewPartition with assigned replicas 1 (state.change.logger)
[2021-06-05 23:15:37,217] INFO [Controller id=1 epoch=1] Sending UpdateMetadata request to brokers HashSet() for 0 partitions (state.change.logger)
[2021-06-05 23:15:37,241] INFO [Controller id=1 epoch=1] Sending UpdateMetadata request to brokers HashSet() for 0 partitions (state.change.logger)
[2021-06-05 23:15:40,702] INFO [Controller id=1 epoch=1] Changed partition __consumer_offsets-22 from NewPartition to OnlinePartition with state LeaderAndIsr(leader=1, leaderEpoch=0, isr=List(1), zkVersion=0) (state.change.logger)
[2021-06-05 23:15:40,703] INFO [Controller id=1 epoch=1] Changed partition __consumer_offsets-30 from NewPartition to OnlinePartition with state LeaderAndIsr(leader=1, leaderEpoch=0, isr=List(1), zkVersion=0) (state.change.logger)
[2021-06-05 23:15:40,703] INFO [Controller id=1 epoch=1] Changed partition __consumer_offsets-25 from NewPartition to OnlinePartition with state LeaderAndIsr(leader=2, leaderEpoch=0, isr=List(2), zkVersion=0) (state.change.logger)
[2021-06-05 23:15:40,703] INFO [Controller id=1 epoch=1] Changed partition __consumer_offsets-35 from NewPartition to OnlinePartition with state LeaderAndIsr(leader=2, leaderEpoch=0, isr=List(2), zkVersion=0) (state.change.logger)
[2021-06-05 23:15:40,705] INFO [Controller id=1 epoch=1] Changed partition __consumer_offsets-37 from NewPartition to OnlinePartition with state LeaderAndIsr(leader=2, leaderEpoch=0, isr=List(2), zkVersion=0) (state.change.logger)
[2021-06-05 23:15:40,705] INFO [Controller id=1 epoch=1] Changed partition __consumer_offsets-38 from NewPartition to OnlinePartition with state LeaderAndIsr(leader=1, leaderEpoch=0, isr=List(1), zkVersion=0) (state.change.logger)
[2021-06-05 23:15:40,705] INFO [Controller id=1 epoch=1] Changed partition __consumer_offsets-13 from NewPartition to OnlinePartition with state LeaderAndIsr(leader=2, leaderEpoch=0, isr=List(2), zkVersion=0) (state.change.logger)
[2021-06-05 23:15:40,705] INFO [Controller id=1 epoch=1] Changed partition __consumer_offsets-8 from NewPartition to OnlinePartition with state LeaderAndIsr(leader=1, leaderEpoch=0, isr=List(1), zkVersion=0) (state.change.logger)
[2021-06-05 23:15:40,705] INFO [Controller id=1 epoch=1] Changed partition __consumer_offsets-21 from NewPartition to OnlinePartition with state LeaderAndIsr(leader=2, leaderEpoch=0, isr=List(2), zkVersion=0) (state.change.logger)
[2021-06-05 23:15:40,705] INFO [Controller id=1 epoch=1] Changed partition __consumer_offsets-4 from NewPartition to OnlinePartition with state LeaderAndIsr(leader=1, leaderEpoch=0, isr=List(1), zkVersion=0) (state.change.logger)
[2021-06-05 23:15:40,705] INFO [Controller id=1 epoch=1] Changed partition __consumer_offsets-27 from NewPartition to OnlinePartition with state LeaderAndIsr(leader=2, leaderEpoch=0, isr=List(2), zkVersion=0) (state.change.logger)
[2021-06-05 23:15:40,706] INFO [Controller id=1 epoch=1] Changed partition __consumer_offsets-7 from NewPartition to OnlinePartition with state LeaderAndIsr(leader=2, leaderEpoch=0, isr=List(2), zkVersion=0) (state.change.logger)
[2021-06-05 23:15:40,706] INFO [Controller id=1 epoch=1] Changed partition __consumer_offsets-9 from NewPartition to OnlinePartition with state LeaderAndIsr(leader=2, leaderEpoch=0, isr=List(2), zkVersion=0) (state.change.logger)
[2021-06-05 23:15:40,706] INFO [Controller id=1 epoch=1] Changed partition __consumer_offsets-46 from NewPartition to OnlinePartition with state LeaderAndIsr(leader=1, leaderEpoch=0, isr=List(1), zkVersion=0) (state.change.logger)
[2021-06-05 23:15:40,706] INFO [Controller id=1 epoch=1] Changed partition __consumer_offsets-41 from NewPartition to OnlinePartition with state LeaderAndIsr(leader=2, leaderEpoch=0, isr=List(2), zkVersion=0) (state.change.logger)
[2021-06-05 23:15:40,706] INFO [Controller id=1 epoch=1] Changed partition __consumer_offsets-33 from NewPartition to OnlinePartition with state LeaderAndIsr(leader=2, leaderEpoch=0, isr=List(2), zkVersion=0) (state.change.logger)
[2021-06-05 23:15:40,706] INFO [Controller id=1 epoch=1] Changed partition __consumer_offsets-23 from NewPartition to OnlinePartition with state LeaderAndIsr(leader=2, leaderEpoch=0, isr=List(2), zkVersion=0) (state.change.logger)
[2021-06-05 23:15:40,706] INFO [Controller id=1 epoch=1] Changed partition __consumer_offsets-49 from NewPartition to OnlinePartition with state LeaderAndIsr(leader=2, leaderEpoch=0, isr=List(2), zkVersion=0) (state.change.logger)
[2021-06-05 23:15:40,706] INFO [Controller id=1 epoch=1] Changed partition __consumer_offsets-47 from NewPartition to OnlinePartition with state LeaderAndIsr(leader=2, leaderEpoch=0, isr=List(2), zkVersion=0) (state.change.logger)
[2021-06-05 23:15:40,706] INFO [Controller id=1 epoch=1] Changed partition __consumer_offsets-16 from NewPartition to OnlinePartition with state LeaderAndIsr(leader=1, leaderEpoch=0, isr=List(1), zkVersion=0) (state.change.logger)
[2021-06-05 23:15:40,706] INFO [Controller id=1 epoch=1] Changed partition __consumer_offsets-28 from NewPartition to OnlinePartition with state LeaderAndIsr(leader=1, leaderEpoch=0, isr=List(1), zkVersion=0) (state.change.logger)
[2021-06-05 23:15:40,706] INFO [Controller id=1 epoch=1] Changed partition __consumer_offsets-31 from NewPartition to OnlinePartition with state LeaderAndIsr(leader=2, leaderEpoch=0, isr=List(2), zkVersion=0) (state.change.logger)
[2021-06-05 23:15:40,706] INFO [Controller id=1 epoch=1] Changed partition __consumer_offsets-36 from NewPartition to OnlinePartition with state LeaderAndIsr(leader=1, leaderEpoch=0, isr=List(1), zkVersion=0) (state.change.logger)
[2021-06-05 23:15:40,706] INFO [Controller id=1 epoch=1] Changed partition __consumer_offsets-42 from NewPartition to OnlinePartition with state LeaderAndIsr(leader=1, leaderEpoch=0, isr=List(1), zkVersion=0) (state.change.logger)
[2021-06-05 23:15:40,707] INFO [Controller id=1 epoch=1] Changed partition __consumer_offsets-3 from NewPartition to OnlinePartition with state LeaderAndIsr(leader=2, leaderEpoch=0, isr=List(2), zkVersion=0) (state.change.logger)
[2021-06-05 23:15:40,707] INFO [Controller id=1 epoch=1] Changed partition __consumer_offsets-18 from NewPartition to OnlinePartition with state LeaderAndIsr(leader=1, leaderEpoch=0, isr=List(1), zkVersion=0) (state.change.logger)
[2021-06-05 23:15:40,707] INFO [Controller id=1 epoch=1] Changed partition __consumer_offsets-15 from NewPartition to OnlinePartition with state LeaderAndIsr(leader=2, leaderEpoch=0, isr=List(2), zkVersion=0) (state.change.logger)
[2021-06-05 23:15:40,707] INFO [Controller id=1 epoch=1] Changed partition __consumer_offsets-24 from NewPartition to OnlinePartition with state LeaderAndIsr(leader=1, leaderEpoch=0, isr=List(1), zkVersion=0) (state.change.logger)
[2021-06-05 23:15:40,707] INFO [Controller id=1 epoch=1] Changed partition __consumer_offsets-17 from NewPartition to OnlinePartition with state LeaderAndIsr(leader=2, leaderEpoch=0, isr=List(2), zkVersion=0) (state.change.logger)
[2021-06-05 23:15:40,707] INFO [Controller id=1 epoch=1] Changed partition __consumer_offsets-48 from NewPartition to OnlinePartition with state LeaderAndIsr(leader=1, leaderEpoch=0, isr=List(1), zkVersion=0) (state.change.logger)
[2021-06-05 23:15:40,707] INFO [Controller id=1 epoch=1] Changed partition __consumer_offsets-19 from NewPartition to OnlinePartition with state LeaderAndIsr(leader=2, leaderEpoch=0, isr=List(2), zkVersion=0) (state.change.logger)
[2021-06-05 23:15:40,707] INFO [Controller id=1 epoch=1] Changed partition __consumer_offsets-11 from NewPartition to OnlinePartition with state LeaderAndIsr(leader=2, leaderEpoch=0, isr=List(2), zkVersion=0) (state.change.logger)
[2021-06-05 23:15:40,707] INFO [Controller id=1 epoch=1] Changed partition __consumer_offsets-2 from NewPartition to OnlinePartition with state LeaderAndIsr(leader=1, leaderEpoch=0, isr=List(1), zkVersion=0) (state.change.logger)
[2021-06-05 23:15:40,707] INFO [Controller id=1 epoch=1] Changed partition __consumer_offsets-43 from NewPartition to OnlinePartition with state LeaderAndIsr(leader=2, leaderEpoch=0, isr=List(2), zkVersion=0) (state.change.logger)
[2021-06-05 23:15:40,707] INFO [Controller id=1 epoch=1] Changed partition __consumer_offsets-6 from NewPartition to OnlinePartition with state LeaderAndIsr(leader=1, leaderEpoch=0, isr=List(1), zkVersion=0) (state.change.logger)
[2021-06-05 23:15:40,708] INFO [Controller id=1 epoch=1] Changed partition __consumer_offsets-14 from NewPartition to OnlinePartition with state LeaderAndIsr(leader=1, leaderEpoch=0, isr=List(1), zkVersion=0) (state.change.logger)
[2021-06-05 23:15:40,708] INFO [Controller id=1 epoch=1] Changed partition __consumer_offsets-20 from NewPartition to OnlinePartition with state LeaderAndIsr(leader=1, leaderEpoch=0, isr=List(1), zkVersion=0) (state.change.logger)
[2021-06-05 23:15:40,708] INFO [Controller id=1 epoch=1] Changed partition __consumer_offsets-0 from NewPartition to OnlinePartition with state LeaderAndIsr(leader=1, leaderEpoch=0, isr=List(1), zkVersion=0) (state.change.logger)
[2021-06-05 23:15:40,708] INFO [Controller id=1 epoch=1] Changed partition __consumer_offsets-44 from NewPartition to OnlinePartition with state LeaderAndIsr(leader=1, leaderEpoch=0, isr=List(1), zkVersion=0) (state.change.logger)
[2021-06-05 23:15:40,708] INFO [Controller id=1 epoch=1] Changed partition __consumer_offsets-39 from NewPartition to OnlinePartition with state LeaderAndIsr(leader=2, leaderEpoch=0, isr=List(2), zkVersion=0) (state.change.logger)
[2021-06-05 23:15:40,708] INFO [Controller id=1 epoch=1] Changed partition __consumer_offsets-12 from NewPartition to OnlinePartition with state LeaderAndIsr(leader=1, leaderEpoch=0, isr=List(1), zkVersion=0) (state.change.logger)
[2021-06-05 23:15:40,708] INFO [Controller id=1 epoch=1] Changed partition __consumer_offsets-45 from NewPartition to OnlinePartition with state LeaderAndIsr(leader=2, leaderEpoch=0, isr=List(2), zkVersion=0) (state.change.logger)
[2021-06-05 23:15:40,708] INFO [Controller id=1 epoch=1] Changed partition __consumer_offsets-1 from NewPartition to OnlinePartition with state LeaderAndIsr(leader=2, leaderEpoch=0, isr=List(2), zkVersion=0) (state.change.logger)
[2021-06-05 23:15:40,708] INFO [Controller id=1 epoch=1] Changed partition __consumer_offsets-5 from NewPartition to OnlinePartition with state LeaderAndIsr(leader=2, leaderEpoch=0, isr=List(2), zkVersion=0) (state.change.logger)
[2021-06-05 23:15:40,708] INFO [Controller id=1 epoch=1] Changed partition __consumer_offsets-26 from NewPartition to OnlinePartition with state LeaderAndIsr(leader=1, leaderEpoch=0, isr=List(1), zkVersion=0) (state.change.logger)
[2021-06-05 23:15:40,708] INFO [Controller id=1 epoch=1] Changed partition __consumer_offsets-29 from NewPartition to OnlinePartition with state LeaderAndIsr(leader=2, leaderEpoch=0, isr=List(2), zkVersion=0) (state.change.logger)
[2021-06-05 23:15:40,708] INFO [Controller id=1 epoch=1] Changed partition __consumer_offsets-34 from NewPartition to OnlinePartition with state LeaderAndIsr(leader=1, leaderEpoch=0, isr=List(1), zkVersion=0) (state.change.logger)
[2021-06-05 23:15:40,708] INFO [Controller id=1 epoch=1] Changed partition __consumer_offsets-10 from NewPartition to OnlinePartition with state LeaderAndIsr(leader=1, leaderEpoch=0, isr=List(1), zkVersion=0) (state.change.logger)
[2021-06-05 23:15:40,708] INFO [Controller id=1 epoch=1] Changed partition __consumer_offsets-32 from NewPartition to OnlinePartition with state LeaderAndIsr(leader=1, leaderEpoch=0, isr=List(1), zkVersion=0) (state.change.logger)
[2021-06-05 23:15:40,708] INFO [Controller id=1 epoch=1] Changed partition __consumer_offsets-40 from NewPartition to OnlinePartition with state LeaderAndIsr(leader=1, leaderEpoch=0, isr=List(1), zkVersion=0) (state.change.logger)
[2021-06-05 23:15:40,709] INFO [Controller id=1 epoch=1] Sending LeaderAndIsr request to broker 1 with 25 become-leader and 0 become-follower partitions (state.change.logger)
[2021-06-05 23:15:40,709] INFO [Controller id=1 epoch=1] Sending LeaderAndIsr request to broker 2 with 25 become-leader and 0 become-follower partitions (state.change.logger)
[2021-06-05 23:15:40,710] INFO [Controller id=1 epoch=1] Sending UpdateMetadata request to brokers HashSet(1, 2) for 50 partitions (state.change.logger)
[2021-06-05 23:15:40,712] INFO [Controller id=1 epoch=1] Sending UpdateMetadata request to brokers HashSet() for 0 partitions (state.change.logger)
[2021-06-05 23:15:40,718] INFO [Broker id=1] Handling LeaderAndIsr request correlationId 4 from controller 1 for 25 partitions (state.change.logger)
[2021-06-05 23:15:40,721] INFO [Broker id=2] Handling LeaderAndIsr request correlationId 2 from controller 1 for 25 partitions (state.change.logger)
[2021-06-05 23:15:40,756] INFO [Broker id=1] Stopped fetchers as part of LeaderAndIsr request correlationId 4 from controller 1 epoch 1 as part of the become-leader transition for 25 partitions (state.change.logger)
[2021-06-05 23:15:40,785] INFO [Broker id=1] Leader __consumer_offsets-18 starts at leader epoch 0 from offset 0 with high watermark 0 ISR [1] addingReplicas [] removingReplicas []. Previous leader epoch was -1. (state.change.logger)
[2021-06-05 23:15:41,002] INFO [Broker id=2] Stopped fetchers as part of LeaderAndIsr request correlationId 2 from controller 1 epoch 1 as part of the become-leader transition for 25 partitions (state.change.logger)
[2021-06-05 23:15:41,251] INFO [Broker id=1] Leader __consumer_offsets-22 starts at leader epoch 0 from offset 0 with high watermark 0 ISR [1] addingReplicas [] removingReplicas []. Previous leader epoch was -1. (state.change.logger)
[2021-06-05 23:15:41,434] INFO [Broker id=2] Leader __consumer_offsets-3 starts at leader epoch 0 from offset 0 with high watermark 0 ISR [2] addingReplicas [] removingReplicas []. Previous leader epoch was -1. (state.change.logger)
[2021-06-05 23:15:41,833] INFO [Broker id=1] Leader __consumer_offsets-10 starts at leader epoch 0 from offset 0 with high watermark 0 ISR [1] addingReplicas [] removingReplicas []. Previous leader epoch was -1. (state.change.logger)
[2021-06-05 23:15:42,131] INFO [Broker id=2] Leader __consumer_offsets-37 starts at leader epoch 0 from offset 0 with high watermark 0 ISR [2] addingReplicas [] removingReplicas []. Previous leader epoch was -1. (state.change.logger)
[2021-06-05 23:15:42,135] INFO [Broker id=1] Leader __consumer_offsets-44 starts at leader epoch 0 from offset 0 with high watermark 0 ISR [1] addingReplicas [] removingReplicas []. Previous leader epoch was -1. (state.change.logger)
[2021-06-05 23:15:42,386] INFO [Broker id=2] Leader __consumer_offsets-7 starts at leader epoch 0 from offset 0 with high watermark 0 ISR [2] addingReplicas [] removingReplicas []. Previous leader epoch was -1. (state.change.logger)
[2021-06-05 23:15:42,611] INFO [Broker id=1] Leader __consumer_offsets-14 starts at leader epoch 0 from offset 0 with high watermark 0 ISR [1] addingReplicas [] removingReplicas []. Previous leader epoch was -1. (state.change.logger)
[2021-06-05 23:15:42,875] INFO [Broker id=2] Leader __consumer_offsets-41 starts at leader epoch 0 from offset 0 with high watermark 0 ISR [2] addingReplicas [] removingReplicas []. Previous leader epoch was -1. (state.change.logger)
[2021-06-05 23:15:43,104] INFO [Broker id=1] Leader __consumer_offsets-48 starts at leader epoch 0 from offset 0 with high watermark 0 ISR [1] addingReplicas [] removingReplicas []. Previous leader epoch was -1. (state.change.logger)
[2021-06-05 23:15:43,368] INFO [Broker id=2] Leader __consumer_offsets-29 starts at leader epoch 0 from offset 0 with high watermark 0 ISR [2] addingReplicas [] removingReplicas []. Previous leader epoch was -1. (state.change.logger)
[2021-06-05 23:15:43,628] INFO [Broker id=1] Leader __consumer_offsets-34 starts at leader epoch 0 from offset 0 with high watermark 0 ISR [1] addingReplicas [] removingReplicas []. Previous leader epoch was -1. (state.change.logger)
[2021-06-05 23:15:43,852] INFO [Broker id=2] Leader __consumer_offsets-33 starts at leader epoch 0 from offset 0 with high watermark 0 ISR [2] addingReplicas [] removingReplicas []. Previous leader epoch was -1. (state.change.logger)
[2021-06-05 23:15:44,045] INFO [Broker id=1] Leader __consumer_offsets-4 starts at leader epoch 0 from offset 0 with high watermark 0 ISR [1] addingReplicas [] removingReplicas []. Previous leader epoch was -1. (state.change.logger)
[2021-06-05 23:15:44,233] INFO [Broker id=2] Leader __consumer_offsets-19 starts at leader epoch 0 from offset 0 with high watermark 0 ISR [2] addingReplicas [] removingReplicas []. Previous leader epoch was -1. (state.change.logger)
[2021-06-05 23:15:44,478] INFO [Broker id=1] Leader __consumer_offsets-38 starts at leader epoch 0 from offset 0 with high watermark 0 ISR [1] addingReplicas [] removingReplicas []. Previous leader epoch was -1. (state.change.logger)
[2021-06-05 23:15:44,713] INFO [Broker id=2] Leader __consumer_offsets-23 starts at leader epoch 0 from offset 0 with high watermark 0 ISR [2] addingReplicas [] removingReplicas []. Previous leader epoch was -1. (state.change.logger)
[2021-06-05 23:15:44,983] INFO [Broker id=1] Leader __consumer_offsets-8 starts at leader epoch 0 from offset 0 with high watermark 0 ISR [1] addingReplicas [] removingReplicas []. Previous leader epoch was -1. (state.change.logger)
[2021-06-05 23:15:45,229] INFO [Broker id=2] Leader __consumer_offsets-11 starts at leader epoch 0 from offset 0 with high watermark 0 ISR [2] addingReplicas [] removingReplicas []. Previous leader epoch was -1. (state.change.logger)
[2021-06-05 23:15:45,465] INFO [Broker id=1] Leader __consumer_offsets-26 starts at leader epoch 0 from offset 0 with high watermark 0 ISR [1] addingReplicas [] removingReplicas []. Previous leader epoch was -1. (state.change.logger)
[2021-06-05 23:15:45,951] INFO [Broker id=2] Leader __consumer_offsets-45 starts at leader epoch 0 from offset 0 with high watermark 0 ISR [2] addingReplicas [] removingReplicas []. Previous leader epoch was -1. (state.change.logger)
[2021-06-05 23:15:45,951] INFO [Broker id=1] Leader __consumer_offsets-30 starts at leader epoch 0 from offset 0 with high watermark 0 ISR [1] addingReplicas [] removingReplicas []. Previous leader epoch was -1. (state.change.logger)
[2021-06-05 23:15:46,650] INFO [Broker id=1] Leader __consumer_offsets-0 starts at leader epoch 0 from offset 0 with high watermark 0 ISR [1] addingReplicas [] removingReplicas []. Previous leader epoch was -1. (state.change.logger)
[2021-06-05 23:15:46,651] INFO [Broker id=2] Leader __consumer_offsets-15 starts at leader epoch 0 from offset 0 with high watermark 0 ISR [2] addingReplicas [] removingReplicas []. Previous leader epoch was -1. (state.change.logger)
[2021-06-05 23:15:48,429] INFO [Broker id=1] Leader __consumer_offsets-20 starts at leader epoch 0 from offset 0 with high watermark 0 ISR [1] addingReplicas [] removingReplicas []. Previous leader epoch was -1. (state.change.logger)
[2021-06-05 23:15:48,429] INFO [Broker id=2] Leader __consumer_offsets-49 starts at leader epoch 0 from offset 0 with high watermark 0 ISR [2] addingReplicas [] removingReplicas []. Previous leader epoch was -1. (state.change.logger)
[2021-06-05 23:15:49,193] INFO [Broker id=2] Leader __consumer_offsets-35 starts at leader epoch 0 from offset 0 with high watermark 0 ISR [2] addingReplicas [] removingReplicas []. Previous leader epoch was -1. (state.change.logger)
[2021-06-05 23:15:49,197] INFO [Broker id=1] Leader __consumer_offsets-24 starts at leader epoch 0 from offset 0 with high watermark 0 ISR [1] addingReplicas [] removingReplicas []. Previous leader epoch was -1. (state.change.logger)
[2021-06-05 23:15:49,540] INFO [Broker id=2] Leader __consumer_offsets-5 starts at leader epoch 0 from offset 0 with high watermark 0 ISR [2] addingReplicas [] removingReplicas []. Previous leader epoch was -1. (state.change.logger)
[2021-06-05 23:15:49,543] INFO [Broker id=1] Leader __consumer_offsets-42 starts at leader epoch 0 from offset 0 with high watermark 0 ISR [1] addingReplicas [] removingReplicas []. Previous leader epoch was -1. (state.change.logger)
[2021-06-05 23:15:49,847] INFO [Broker id=2] Leader __consumer_offsets-39 starts at leader epoch 0 from offset 0 with high watermark 0 ISR [2] addingReplicas [] removingReplicas []. Previous leader epoch was -1. (state.change.logger)
[2021-06-05 23:15:49,850] INFO [Broker id=1] Leader __consumer_offsets-12 starts at leader epoch 0 from offset 0 with high watermark 0 ISR [1] addingReplicas [] removingReplicas []. Previous leader epoch was -1. (state.change.logger)
[2021-06-05 23:15:50,077] INFO [Broker id=2] Leader __consumer_offsets-9 starts at leader epoch 0 from offset 0 with high watermark 0 ISR [2] addingReplicas [] removingReplicas []. Previous leader epoch was -1. (state.change.logger)
[2021-06-05 23:15:50,295] INFO [Broker id=1] Leader __consumer_offsets-46 starts at leader epoch 0 from offset 0 with high watermark 0 ISR [1] addingReplicas [] removingReplicas []. Previous leader epoch was -1. (state.change.logger)
[2021-06-05 23:15:50,533] INFO [Broker id=2] Leader __consumer_offsets-27 starts at leader epoch 0 from offset 0 with high watermark 0 ISR [2] addingReplicas [] removingReplicas []. Previous leader epoch was -1. (state.change.logger)
[2021-06-05 23:15:50,995] INFO [Broker id=1] Leader __consumer_offsets-16 starts at leader epoch 0 from offset 0 with high watermark 0 ISR [1] addingReplicas [] removingReplicas []. Previous leader epoch was -1. (state.change.logger)
[2021-06-05 23:15:50,995] INFO [Broker id=2] Leader __consumer_offsets-31 starts at leader epoch 0 from offset 0 with high watermark 0 ISR [2] addingReplicas [] removingReplicas []. Previous leader epoch was -1. (state.change.logger)
[2021-06-05 23:15:51,202] INFO [Broker id=2] Leader __consumer_offsets-1 starts at leader epoch 0 from offset 0 with high watermark 0 ISR [2] addingReplicas [] removingReplicas []. Previous leader epoch was -1. (state.change.logger)
[2021-06-05 23:15:51,211] INFO [Broker id=1] Leader __consumer_offsets-2 starts at leader epoch 0 from offset 0 with high watermark 0 ISR [1] addingReplicas [] removingReplicas []. Previous leader epoch was -1. (state.change.logger)
[2021-06-05 23:15:51,428] INFO [Broker id=1] Leader __consumer_offsets-36 starts at leader epoch 0 from offset 0 with high watermark 0 ISR [1] addingReplicas [] removingReplicas []. Previous leader epoch was -1. (state.change.logger)
[2021-06-05 23:15:51,433] INFO [Broker id=2] Leader __consumer_offsets-21 starts at leader epoch 0 from offset 0 with high watermark 0 ISR [2] addingReplicas [] removingReplicas []. Previous leader epoch was -1. (state.change.logger)
[2021-06-05 23:15:51,760] INFO [Broker id=2] Leader __consumer_offsets-25 starts at leader epoch 0 from offset 0 with high watermark 0 ISR [2] addingReplicas [] removingReplicas []. Previous leader epoch was -1. (state.change.logger)
[2021-06-05 23:15:51,762] INFO [Broker id=1] Leader __consumer_offsets-6 starts at leader epoch 0 from offset 0 with high watermark 0 ISR [1] addingReplicas [] removingReplicas []. Previous leader epoch was -1. (state.change.logger)
[2021-06-05 23:15:52,246] INFO [Broker id=2] Leader __consumer_offsets-43 starts at leader epoch 0 from offset 0 with high watermark 0 ISR [2] addingReplicas [] removingReplicas []. Previous leader epoch was -1. (state.change.logger)
[2021-06-05 23:15:52,248] INFO [Broker id=1] Leader __consumer_offsets-40 starts at leader epoch 0 from offset 0 with high watermark 0 ISR [1] addingReplicas [] removingReplicas []. Previous leader epoch was -1. (state.change.logger)
[2021-06-05 23:15:52,688] INFO [Broker id=2] Leader __consumer_offsets-13 starts at leader epoch 0 from offset 0 with high watermark 0 ISR [2] addingReplicas [] removingReplicas []. Previous leader epoch was -1. (state.change.logger)
[2021-06-05 23:15:52,688] INFO [Broker id=1] Leader __consumer_offsets-28 starts at leader epoch 0 from offset 0 with high watermark 0 ISR [1] addingReplicas [] removingReplicas []. Previous leader epoch was -1. (state.change.logger)
[2021-06-05 23:15:53,237] INFO [Broker id=2] Leader __consumer_offsets-47 starts at leader epoch 0 from offset 0 with high watermark 0 ISR [2] addingReplicas [] removingReplicas []. Previous leader epoch was -1. (state.change.logger)
[2021-06-05 23:15:53,238] INFO [Broker id=1] Leader __consumer_offsets-32 starts at leader epoch 0 from offset 0 with high watermark 0 ISR [1] addingReplicas [] removingReplicas []. Previous leader epoch was -1. (state.change.logger)
[2021-06-05 23:15:53,849] INFO [Broker id=2] Leader __consumer_offsets-17 starts at leader epoch 0 from offset 0 with high watermark 0 ISR [2] addingReplicas [] removingReplicas []. Previous leader epoch was -1. (state.change.logger)
[2021-06-05 23:15:53,857] INFO [Broker id=1] Add 50 partitions and deleted 0 partitions from metadata cache in response to UpdateMetadata request sent by controller 1 epoch 1 with correlation id 5 (state.change.logger)
[2021-06-05 23:15:54,157] INFO [Broker id=2] Add 50 partitions and deleted 0 partitions from metadata cache in response to UpdateMetadata request sent by controller 1 epoch 1 with correlation id 3 (state.change.logger)
